2024-09-23 22:30:26,106 INFO o.a.j.u.JMeterUtils: Setting Locale to en_EN
2024-09-23 22:30:26,132 INFO o.a.j.JMeter: Loading user properties from: C:\Users\WeZa\Downloads\Compressed\apache-jmeter-5.6.3\bin\user.properties
2024-09-23 22:30:26,132 INFO o.a.j.JMeter: Loading system properties from: C:\Users\WeZa\Downloads\Compressed\apache-jmeter-5.6.3\bin\system.properties
2024-09-23 22:30:26,141 INFO o.a.j.JMeter: Copyright (c) 1998-2024 The Apache Software Foundation
2024-09-23 22:30:26,141 INFO o.a.j.JMeter: Version 5.6.3
2024-09-23 22:30:26,142 INFO o.a.j.JMeter: java.version=22.0.2
2024-09-23 22:30:26,142 INFO o.a.j.JMeter: java.vm.name=Java HotSpot(TM) 64-Bit Server VM
2024-09-23 22:30:26,142 INFO o.a.j.JMeter: os.name=Windows 11
2024-09-23 22:30:26,144 INFO o.a.j.JMeter: os.arch=amd64
2024-09-23 22:30:26,144 INFO o.a.j.JMeter: os.version=10.0
2024-09-23 22:30:26,144 INFO o.a.j.JMeter: file.encoding=UTF-8
2024-09-23 22:30:26,144 INFO o.a.j.JMeter: java.awt.headless=true
2024-09-23 22:30:26,144 INFO o.a.j.JMeter: Max memory     =1073741824
2024-09-23 22:30:26,144 INFO o.a.j.JMeter: Available Processors =8
2024-09-23 22:30:26,163 INFO o.a.j.JMeter: Default Locale=English (EN)
2024-09-23 22:30:26,163 INFO o.a.j.JMeter: JMeter  Locale=English (EN)
2024-09-23 22:30:26,163 INFO o.a.j.JMeter: JMeterHome=C:\Users\WeZa\Downloads\Compressed\apache-jmeter-5.6.3
2024-09-23 22:30:26,163 INFO o.a.j.JMeter: user.dir  =C:\Users\WeZa\Desktop\Todo
2024-09-23 22:30:26,163 INFO o.a.j.JMeter: PWD       =C:\Users\WeZa\Desktop\Todo
2024-09-23 22:30:26,165 INFO o.a.j.JMeter: IP: 192.168.1.10 Name: DESKTOP-00DH7Q3 FullName: DESKTOP-00DH7Q3
2024-09-23 22:30:26,172 INFO o.a.j.JMeter: Setting property 'jmeter.reportgenerator.outputdir' to:'C:\Users\WeZa\Desktop\Todo\report'
2024-09-23 22:30:26,172 INFO o.a.j.s.FileServer: Default base='C:\Users\WeZa\Desktop\Todo'
2024-09-23 22:30:26,186 INFO o.a.j.s.FileServer: Set new base='C:\Users\WeZa\Desktop\Todo'
2024-09-23 22:30:26,400 INFO o.a.j.s.SaveService: Testplan (JMX) version: 2.2. Testlog (JTL) version: 2.2
2024-09-23 22:30:26,455 INFO o.a.j.s.SaveService: Using SaveService properties version 5.0
2024-09-23 22:30:26,462 INFO o.a.j.s.SaveService: Using SaveService properties file encoding UTF-8
2024-09-23 22:30:26,465 INFO o.a.j.s.SaveService: Loading file: Register.jmx
2024-09-23 22:30:26,527 INFO o.a.j.p.h.s.HTTPSamplerBase: Parser for text/html is org.apache.jmeter.protocol.http.parser.LagartoBasedHtmlParser
2024-09-23 22:30:26,527 INFO o.a.j.p.h.s.HTTPSamplerBase: Parser for application/xhtml+xml is org.apache.jmeter.protocol.http.parser.LagartoBasedHtmlParser
2024-09-23 22:30:26,527 INFO o.a.j.p.h.s.HTTPSamplerBase: Parser for application/xml is org.apache.jmeter.protocol.http.parser.LagartoBasedHtmlParser
2024-09-23 22:30:26,527 INFO o.a.j.p.h.s.HTTPSamplerBase: Parser for text/xml is org.apache.jmeter.protocol.http.parser.LagartoBasedHtmlParser
2024-09-23 22:30:26,527 INFO o.a.j.p.h.s.HTTPSamplerBase: Parser for text/vnd.wap.wml is org.apache.jmeter.protocol.http.parser.RegexpHTMLParser
2024-09-23 22:30:26,527 INFO o.a.j.p.h.s.HTTPSamplerBase: Parser for text/css is org.apache.jmeter.protocol.http.parser.CssParser
2024-09-23 22:30:26,591 INFO o.a.j.JMeter: Creating summariser <summary>
2024-09-23 22:30:26,591 INFO o.a.j.r.d.ReportGenerator: ReportGenerator will use for Parsing the separator: ','
2024-09-23 22:30:26,591 INFO o.a.j.r.d.ReportGenerator: Will generate report at end of test from  results file: results.csv
2024-09-23 22:30:26,591 INFO o.a.j.r.d.ReportGenerator: Reading report generator properties from: C:\Users\WeZa\Downloads\Compressed\apache-jmeter-5.6.3\bin\reportgenerator.properties
2024-09-23 22:30:26,591 INFO o.a.j.r.d.ReportGenerator: Merging with JMeter properties
2024-09-23 22:30:26,602 INFO o.a.j.r.c.ReportGeneratorConfiguration: Property 'jmeter.reportgenerator.temp_dir' not found, using default value 'temp' instead.
2024-09-23 22:30:26,603 INFO o.a.j.r.c.ReportGeneratorConfiguration: Property 'jmeter.reportgenerator.apdex_per_transaction' not found, using default value 'null' instead.
2024-09-23 22:30:26,607 INFO o.a.j.r.c.ReportGeneratorConfiguration: apdex_per_transaction is empty, not APDEX per transaction customization
2024-09-23 22:30:26,607 INFO o.a.j.r.c.ReportGeneratorConfiguration: Property 'jmeter.reportgenerator.sample_filter' not found, using default value 'null' instead.
2024-09-23 22:30:26,607 INFO o.a.j.r.c.ReportGeneratorConfiguration: Property 'jmeter.reportgenerator.report_title' not found, using default value 'null' instead.
2024-09-23 22:30:26,607 INFO o.a.j.r.c.ReportGeneratorConfiguration: Property 'jmeter.reportgenerator.start_date' not found, using default value 'null' instead.
2024-09-23 22:30:26,607 INFO o.a.j.r.c.ReportGeneratorConfiguration: Property 'jmeter.reportgenerator.end_date' not found, using default value 'null' instead.
2024-09-23 22:30:26,607 INFO o.a.j.r.c.ReportGeneratorConfiguration: Property 'jmeter.reportgenerator.date_format' not found, using default value 'null' instead.
2024-09-23 22:30:26,608 INFO o.a.j.r.c.ReportGeneratorConfiguration: Will use date range start date: null, end date: null
2024-09-23 22:30:26,608 INFO o.a.j.r.c.ReportGeneratorConfiguration: Property 'jmeter.reportgenerator.graph.totalTPS.exclude_controllers' not found, using default value 'false' instead.
2024-09-23 22:30:26,608 INFO o.a.j.r.c.ReportGeneratorConfiguration: Property 'jmeter.reportgenerator.graph.activeThreadsOverTime.exclude_controllers' not found, using default value 'false' instead.
2024-09-23 22:30:26,608 INFO o.a.j.r.c.ReportGeneratorConfiguration: Property 'jmeter.reportgenerator.graph.timeVsThreads.exclude_controllers' not found, using default value 'false' instead.
2024-09-23 22:30:26,608 INFO o.a.j.r.c.ReportGeneratorConfiguration: Property 'jmeter.reportgenerator.graph.responseTimeDistribution.exclude_controllers' not found, using default value 'false' instead.
2024-09-23 22:30:26,608 INFO o.a.j.r.c.ReportGeneratorConfiguration: Property 'jmeter.reportgenerator.graph.transactionsPerSecond.exclude_controllers' not found, using default value 'false' instead.
2024-09-23 22:30:26,608 INFO o.a.j.r.c.ReportGeneratorConfiguration: Property 'jmeter.reportgenerator.graph.responseTimePercentiles.exclude_controllers' not found, using default value 'false' instead.
2024-09-23 22:30:26,608 INFO o.a.j.r.c.ReportGeneratorConfiguration: Property 'jmeter.reportgenerator.graph.responseTimePercentilesOverTime.exclude_controllers' not found, using default value 'false' instead.
2024-09-23 22:30:26,614 INFO o.a.j.r.c.ReportGeneratorConfiguration: Property 'jmeter.reportgenerator.graph.responseTimesOverTime.exclude_controllers' not found, using default value 'false' instead.
2024-09-23 22:30:26,614 INFO o.a.j.r.c.ReportGeneratorConfiguration: Property 'jmeter.reportgenerator.graph.connectTimeOverTime.exclude_controllers' not found, using default value 'false' instead.
2024-09-23 22:30:26,614 INFO o.a.j.r.c.ReportGeneratorConfiguration: Property 'jmeter.reportgenerator.graph.latenciesOverTime.exclude_controllers' not found, using default value 'false' instead.
2024-09-23 22:30:26,614 INFO o.a.j.r.c.ReportGeneratorConfiguration: Property 'jmeter.reportgenerator.exporter.json.filters_only_sample_series' not found, using default value 'true' instead.
2024-09-23 22:30:26,614 INFO o.a.j.r.c.ReportGeneratorConfiguration: Property 'jmeter.reportgenerator.exporter.json.series_filter' not found, using default value '' instead.
2024-09-23 22:30:26,614 INFO o.a.j.r.c.ReportGeneratorConfiguration: Property 'jmeter.reportgenerator.exporter.json.show_controllers_only' not found, using default value 'false' instead.
2024-09-23 22:30:26,616 INFO o.a.j.r.c.ReportGeneratorConfiguration: Property 'jmeter.reportgenerator.exporter.html.filters_only_sample_series' not found, using default value 'true' instead.
2024-09-23 22:30:26,616 INFO o.a.j.r.c.ReportGeneratorConfiguration: Property 'jmeter.reportgenerator.exporter.html.series_filter' not found, using default value '' instead.
2024-09-23 22:30:26,616 INFO o.a.j.r.c.ReportGeneratorConfiguration: Property 'jmeter.reportgenerator.exporter.html.show_controllers_only' not found, using default value 'false' instead.
2024-09-23 22:30:26,625 INFO o.a.j.e.StandardJMeterEngine: Running the test!
2024-09-23 22:30:26,625 INFO o.a.j.s.SampleEvent: List of sample_variables: []
2024-09-23 22:30:26,625 INFO o.a.j.s.SampleEvent: List of sample_variables: []
2024-09-23 22:30:26,636 INFO o.a.j.e.u.CompoundVariable: Note: Function class names must contain the string: '.functions.'
2024-09-23 22:30:26,639 INFO o.a.j.e.u.CompoundVariable: Note: Function class names must not contain the string: '.gui.'
2024-09-23 22:30:26,718 INFO o.a.j.r.ClassFinder: Will scan jar C:\Users\WeZa\Downloads\Compressed\apache-jmeter-5.6.3\lib\ext\jmeter-plugins-casutg-2.10.jar with filter ExtendsClassFilter [parents=[interface org.apache.jmeter.functions.Function], inner=false, contains=null, notContains=null]. Consider exposing JMeter plugins via META-INF/services, and add JMeter-Skip-Class-Scanning=true manifest attribute so JMeter can skip classfile scanning
2024-09-23 22:30:26,727 INFO o.a.j.r.ClassFinder: Will scan jar C:\Users\WeZa\Downloads\Compressed\apache-jmeter-5.6.3\lib\ext\jmeter-plugins-manager-1.10.jar with filter ExtendsClassFilter [parents=[interface org.apache.jmeter.functions.Function], inner=false, contains=null, notContains=null]. Consider exposing JMeter plugins via META-INF/services, and add JMeter-Skip-Class-Scanning=true manifest attribute so JMeter can skip classfile scanning
2024-09-23 22:30:26,870 INFO o.a.j.JMeter: Running test (1727119826870)
2024-09-23 22:30:26,886 INFO o.a.j.e.StandardJMeterEngine: Starting ThreadGroup: 1 : TodoApp
2024-09-23 22:30:26,886 INFO o.a.j.e.StandardJMeterEngine: Starting 1 threads for group TodoApp.
2024-09-23 22:30:26,886 INFO o.a.j.e.StandardJMeterEngine: Thread will continue on error
2024-09-23 22:30:26,886 INFO o.a.j.t.ThreadGroup: Starting thread group... number=1 threads=1 ramp-up=1 delayedStart=false
2024-09-23 22:30:26,894 INFO o.a.j.t.ThreadGroup: Started thread group number 1
2024-09-23 22:30:26,894 INFO o.a.j.e.StandardJMeterEngine: All thread groups have been started
2024-09-23 22:30:26,942 INFO o.a.j.t.JMeterThread: Thread started: TodoApp 1-1
2024-09-23 22:30:26,962 INFO o.a.j.p.h.s.HTTPHCAbstractImpl: Local host = DESKTOP-00DH7Q3
2024-09-23 22:30:26,968 INFO o.a.j.p.h.s.HTTPHC4Impl: HTTP request retry count = 0
2024-09-23 22:30:26,968 INFO o.a.j.s.SampleResult: Note: Sample TimeStamps are START times
2024-09-23 22:30:26,968 INFO o.a.j.s.SampleResult: sampleresult.default.encoding is set to UTF-8
2024-09-23 22:30:26,968 INFO o.a.j.s.SampleResult: sampleresult.useNanoTime=true
2024-09-23 22:30:26,968 INFO o.a.j.s.SampleResult: sampleresult.nanoThreadSleep=5000
2024-09-23 22:30:27,229 INFO o.a.j.p.h.s.h.LazyLayeredConnectionSocketFactory: Setting up HTTPS TrustAll Socket Factory
2024-09-23 22:30:27,238 INFO o.a.j.u.JsseSSLManager: Using default SSL protocol: TLS
2024-09-23 22:30:27,238 INFO o.a.j.u.JsseSSLManager: SSL session context: per-thread
2024-09-23 22:30:27,400 INFO o.a.j.u.SSLManager: JmeterKeyStore Location:  type JKS
2024-09-23 22:30:27,410 INFO o.a.j.u.SSLManager: KeyStore created OK
2024-09-23 22:30:27,410 WARN o.a.j.u.SSLManager: Keystore file not found, loading empty keystore
2024-09-23 22:30:28,965 INFO o.a.j.t.JMeterThread: Thread is done: TodoApp 1-1
2024-09-23 22:30:28,965 INFO o.a.j.t.JMeterThread: Thread finished: TodoApp 1-1
2024-09-23 22:30:28,979 INFO o.a.j.e.StandardJMeterEngine: Notifying test listeners of end of test
2024-09-23 22:30:28,981 INFO o.a.j.r.Summariser: summary =      7 in 00:00:02 =    3.3/s Avg:   260 Min:   109 Max:   864 Err:     0 (0.00%)
2024-09-23 22:30:28,988 INFO o.a.j.JMeter: Generating Dashboard
2024-09-23 22:30:28,988 INFO o.a.j.r.d.ReportGenerator: Flushing result collector before report Generation
2024-09-23 22:30:29,013 INFO o.a.j.r.p.NormalizerSampleConsumer: Using format, 'ms', to parse timeStamp field
2024-09-23 22:30:29,099 INFO o.a.j.r.p.AbstractSampleConsumer: class org.apache.jmeter.report.processor.AggregateConsumer#stopProducing(): beginDate produced 0 samples
2024-09-23 22:30:29,099 INFO o.a.j.r.p.AbstractSampleConsumer: class org.apache.jmeter.report.processor.AggregateConsumer#stopProducing(): endDate produced 0 samples
2024-09-23 22:30:29,102 INFO o.a.j.r.p.AbstractSampleConsumer: class org.apache.jmeter.report.processor.ApdexSummaryConsumer#stopProducing(): apdexSummary produced 0 samples
2024-09-23 22:30:29,102 INFO o.a.j.r.p.AbstractSampleConsumer: class org.apache.jmeter.report.processor.RequestsSummaryConsumer#stopProducing(): requestsSummary produced 0 samples
2024-09-23 22:30:29,108 INFO o.a.j.r.p.AbstractSampleConsumer: class org.apache.jmeter.report.processor.StatisticsSummaryConsumer#stopProducing(): statisticsSummary produced 0 samples
2024-09-23 22:30:29,110 INFO o.a.j.r.p.AbstractSampleConsumer: class org.apache.jmeter.report.processor.Top5ErrorsBySamplerConsumer#stopProducing(): top5ErrorsBySampler produced 0 samples
2024-09-23 22:30:29,110 INFO o.a.j.r.p.AbstractSampleConsumer: class org.apache.jmeter.report.processor.ErrorsSummaryConsumer#stopProducing(): errorsSummary produced 0 samples
2024-09-23 22:30:29,110 INFO o.a.j.r.p.AbstractSampleConsumer: class org.apache.jmeter.report.processor.graph.impl.HitsPerSecondGraphConsumer#stopProducing(): hitsPerSecond produced 0 samples
2024-09-23 22:30:29,126 INFO o.a.j.r.p.AbstractSampleConsumer: class org.apache.jmeter.report.processor.graph.impl.LatencyVSRequestGraphConsumer#stopProducing(): latencyVsRequest produced 0 samples
2024-09-23 22:30:29,126 INFO o.a.j.r.p.AbstractSampleConsumer: class org.apache.jmeter.report.processor.graph.impl.SyntheticResponseTimeDistributionGraphConsumer#stopProducing(): syntheticResponseTimeDistribution produced 0 samples
2024-09-23 22:30:29,126 INFO o.a.j.r.p.AbstractSampleConsumer: class org.apache.jmeter.report.processor.graph.impl.BytesThroughputGraphConsumer#stopProducing(): bytesThroughputOverTime produced 0 samples
2024-09-23 22:30:29,126 INFO o.a.j.r.p.AbstractSampleConsumer: class org.apache.jmeter.report.processor.graph.impl.CodesPerSecondGraphConsumer#stopProducing(): codesPerSecond produced 0 samples
2024-09-23 22:30:29,126 INFO o.a.j.r.p.AbstractSampleConsumer: class org.apache.jmeter.report.processor.graph.impl.ResponseTimeVSRequestGraphConsumer#stopProducing(): responseTimeVsRequest produced 0 samples
2024-09-23 22:30:29,126 INFO o.a.j.r.p.AbstractSampleConsumer: class org.apache.jmeter.report.processor.FilterConsumer#stopProducing(): startIntervalControlerFilter produced 49 samples
2024-09-23 22:30:29,126 INFO o.a.j.r.p.AbstractSampleConsumer: class org.apache.jmeter.report.processor.graph.impl.TotalTPSGraphConsumer#stopProducing(): totalTPS produced 0 samples
2024-09-23 22:30:29,126 INFO o.a.j.r.p.AbstractSampleConsumer: class org.apache.jmeter.report.processor.graph.impl.ActiveThreadsGraphConsumer#stopProducing(): activeThreadsOverTime produced 0 samples
2024-09-23 22:30:29,126 INFO o.a.j.r.p.AbstractSampleConsumer: class org.apache.jmeter.report.processor.graph.impl.TimeVSThreadGraphConsumer#stopProducing(): timeVsThreads produced 0 samples
2024-09-23 22:30:29,126 INFO o.a.j.r.p.AbstractSampleConsumer: class org.apache.jmeter.report.processor.graph.impl.ResponseTimeDistributionGraphConsumer#stopProducing(): responseTimeDistribution produced 0 samples
2024-09-23 22:30:29,126 INFO o.a.j.r.p.AbstractSampleConsumer: class org.apache.jmeter.report.processor.graph.impl.TransactionsPerSecondGraphConsumer#stopProducing(): transactionsPerSecond produced 0 samples
2024-09-23 22:30:29,126 INFO o.a.j.r.p.AbstractSampleConsumer: class org.apache.jmeter.report.processor.graph.impl.ResponseTimePercentilesGraphConsumer#stopProducing(): responseTimePercentiles produced 0 samples
2024-09-23 22:30:29,131 INFO o.a.j.r.p.AbstractSampleConsumer: class org.apache.jmeter.report.processor.graph.impl.ResponseTimePercentilesOverTimeGraphConsumer#stopProducing(): responseTimePercentilesOverTime produced 0 samples
2024-09-23 22:30:29,131 INFO o.a.j.r.p.AbstractSampleConsumer: class org.apache.jmeter.report.processor.graph.impl.ResponseTimeOverTimeGraphConsumer#stopProducing(): responseTimesOverTime produced 0 samples
2024-09-23 22:30:29,131 INFO o.a.j.r.p.AbstractSampleConsumer: class org.apache.jmeter.report.processor.graph.impl.ConnectTimeOverTimeGraphConsumer#stopProducing(): connectTimeOverTime produced 0 samples
2024-09-23 22:30:29,133 INFO o.a.j.r.p.AbstractSampleConsumer: class org.apache.jmeter.report.processor.graph.impl.LatencyOverTimeGraphConsumer#stopProducing(): latenciesOverTime produced 0 samples
2024-09-23 22:30:29,133 INFO o.a.j.r.p.AbstractSampleConsumer: class org.apache.jmeter.report.processor.FilterConsumer#stopProducing(): nameFilter produced 105 samples
2024-09-23 22:30:29,133 INFO o.a.j.r.p.AbstractSampleConsumer: class org.apache.jmeter.report.processor.FilterConsumer#stopProducing(): dateRangeFilter produced 21 samples
2024-09-23 22:30:29,133 INFO o.a.j.r.p.AbstractSampleConsumer: class org.apache.jmeter.report.processor.NormalizerSampleConsumer#stopProducing(): normalizer produced 7 samples
2024-09-23 22:30:29,133 INFO o.a.j.r.p.CsvFileSampleSource: produce(): 7 samples produced in 70ms on channel 0
2024-09-23 22:30:29,133 INFO o.a.j.r.d.ReportGenerator: Exporting data using exporter:'json' of className:'org.apache.jmeter.report.dashboard.JsonExporter'
2024-09-23 22:30:29,202 INFO o.a.j.r.d.JsonExporter: Found data for consumer statisticsSummary in context
2024-09-23 22:30:29,202 INFO o.a.j.r.d.JsonExporter: Creating statistics for overall
2024-09-23 22:30:29,211 INFO o.a.j.r.d.JsonExporter: Creating statistics for other transactions
2024-09-23 22:30:29,211 INFO o.a.j.r.d.JsonExporter: Checking output folder
2024-09-23 22:30:29,211 INFO o.a.j.r.d.JsonExporter: Writing statistics JSON to C:\Users\WeZa\Desktop\Todo\report\statistics.json
2024-09-23 22:30:29,258 INFO o.a.j.r.d.ReportGenerator: Exporting data using exporter:'html' of className:'org.apache.jmeter.report.dashboard.HtmlTemplateExporter'
2024-09-23 22:30:29,261 INFO o.a.j.r.d.HtmlTemplateExporter: Will generate dashboard in folder: C:\Users\WeZa\Desktop\Todo\report
2024-09-23 22:30:29,392 INFO o.a.j.r.d.HtmlTemplateExporter: Report will be generated in: C:\Users\WeZa\Desktop\Todo\report, creating folder structure
2024-09-23 22:30:29,392 INFO o.a.j.r.d.TemplateVisitor: Copying folder from 'C:\Users\WeZa\Downloads\Compressed\apache-jmeter-5.6.3\bin\report-template' to 'C:\Users\WeZa\Desktop\Todo\report', got message: C:\Users\WeZa\Desktop\Todo\report, found non empty folder with following content [C:\Users\WeZa\Desktop\Todo\report\statistics.json], will be ignored
2024-09-23 22:30:29,744 INFO o.a.j.JMeter: Dashboard generated
